<?xml version="1.0" encoding="UTF-8"?>
<testsuite xmlns:xsi="http://www.w3.org/2001/XMLSchema-instance" xsi:noNamespaceSchemaLocation="https://maven.apache.org/surefire/maven-surefire-plugin/xsd/surefire-test-report-3.0.xsd" version="3.0" name="runners.TestRunner" time="16.393" tests="1" errors="0" skipped="0" failures="0">
  <properties>
[...]
</properties>
  <testcase name="Verify navigation to credit card application form" classname="Validate American Express Credit Card Application" time="15.87">
    <system-out><![CDATA[
@Regression
Scenario: Verify navigation to credit card application form                          # src/test/java/features/CreditCardApplication.feature:4
WebDriver Initialized Successfully!
  Given User navigates to the American Express France homepage                       # stepDefinitions.CreditCardApplicationSteps.user_navigates_to_homepage()
Cookie popup appeared.
Clicked on: ACCEPT
  Given User accepts cookies                                                         # stepDefinitions.CreditCardApplicationSteps.userAcceptsCookies()
Found link text: Cartes American Express®
Clicked on: Cartes American Express®
  When User clicks on "Cartes American Express" credit card                          # stepDefinitions.CreditCardApplicationSteps.userClicksOnCreditCard(java.lang.String)
Cookie popup appeared.
Clicked on: ACCEPT
  Given User accepts cookies                                                         # stepDefinitions.CreditCardApplicationSteps.userAcceptsCookies()
Clicked on 'En Savoir Plus' for: Carte Gold American Express
  When User clicks on "En savoir plus" for "Carte Gold American Express" credit card # stepDefinitions.CreditCardApplicationSteps.user_clicks_on(java.lang.String,java.lang.String)
Clicked on button: Demandez votre Carte
  When User clicks on "Demandez votre Carte" to request card                         # stepDefinitions.CreditCardApplicationSteps.requestYourCard(java.lang.String)
  Then User should be redirected to the "Application Form" page                      # stepDefinitions.CreditCardApplicationSteps.user_should_be_redirected(java.lang.String)
No popup found.
  When User fills the application form with test data                                # stepDefinitions.CreditCardApplicationSteps.user_fills_application_form(io.cucumber.datatable.DataTable)
    | Title | First Name | Last Name | Email             | Phone      | Date of Birth |
    | Mr    | John       | Doe       | john.doe@test.com | 0712345678 | 07/02/2000    |
]]></system-out>
    <system-err><![CDATA[SLF4J: No SLF4J providers were found.
SLF4J: Defaulting to no-operation (NOP) logger implementation
SLF4J: See https://www.slf4j.org/codes.html#noProviders for further details.
Starting ChromeDriver 133.0.6943.53 (9a80935019b0925b01cc21d254da203bc3986f04-refs/branch-heads/6943@{#1389}) on port 1662
Only local connections are allowed.
Please see https://chromedriver.chromium.org/security-considerations for suggestions on keeping ChromeDriver safe.
ChromeDriver was started successfully on port 1662.
Feb 09, 2025 12:15:02 PM org.openqa.selenium.devtools.CdpVersionFinder findNearestMatch
WARNING: Unable to find CDP implementation matching 133
Feb 09, 2025 12:15:02 PM org.openqa.selenium.chromium.ChromiumDriver lambda$new$3
WARNING: Unable to find version of CDP to use for . You may need to include a dependency on a specific version of the CDP using something similar to `org.seleniumhq.selenium:selenium-devtools-v86:4.8.3` where the version ("v86") matches the version of the chromium-based browser you're using and the version number of the artifact is the same as Selenium's.
]]></system-err>
  </testcase>
</testsuite>